<?xml version="1.0" encoding="UTF-8"?>
<testsuite xmlns:xsi="http://www.w3.org/2001/XMLSchema-instance" xsi:noNamespaceSchemaLocation="https://maven.apache.org/surefire/maven-surefire-plugin/xsd/surefire-test-report-3.0.xsd" version="3.0" name="memory.SharedVectorTest" time="0.131" tests="16" errors="0" skipped="0" failures="0">
  <properties>
[...]
</properties>
  <testcase name="addWithSelfDoublesElements" classname="memory.SharedVectorTest" time="0.003"/>
  <testcase name="transposeFlipsMetadataOnly" classname="memory.SharedVectorTest" time="0.003"/>
  <testcase name="dotPropagatesNaNAndHandlesInfinity" classname="memory.SharedVectorTest" time="0.005"/>
  <testcase name="dotComputesCorrectly" classname="memory.SharedVectorTest" time="0.002"/>
  <testcase name="getLengthOrientationWork" classname="memory.SharedVectorTest" time="0.003"/>
  <testcase name="constructorRejectsNulls" classname="memory.SharedVectorTest" time="0.002"/>
  <testcase name="negateWorksInPlace" classname="memory.SharedVectorTest" time="0.001"/>
  <testcase name="getIndexOutOfBoundsThrows" classname="memory.SharedVectorTest" time="0.001"/>
  <testcase name="dotRejectsNullOrLengthMismatch" classname="memory.SharedVectorTest" time="0.003"/>
  <testcase name="dotWithSelfComputesSumSquares" classname="memory.SharedVectorTest" time="0.003"/>
  <testcase name="concurrentReadersAndWriterDoNotDeadlock" classname="memory.SharedVectorTest" time="0.065"/>
  <testcase name="addRejectsNullOrLengthMismatch" classname="memory.SharedVectorTest" time="0.003"/>
  <testcase name="addDoesNotModifyOtherVector" classname="memory.SharedVectorTest" time="0.002"/>
  <testcase name="operationsOnEmptyVectorWork" classname="memory.SharedVectorTest" time="0.006"/>
  <testcase name="transposeTwiceRestoresOrientation" classname="memory.SharedVectorTest" time="0.001"/>
  <testcase name="addAddsElementwiseToReceiver" classname="memory.SharedVectorTest" time="0.001"/>
</testsuite>